#
# A fatal error has been detected by the Java Runtime Environment:
#
#  Internal Error (generateOopMap.cpp:2162), pid=27354, tid=27373
#  fatal error: Illegal class file encountered. Try running with -Xverify:all in method match
#
# JRE version: OpenJDK Runtime Environment (10.0.2+13) (build 10.0.2+13-Ubuntu-1ubuntu0.18.04.3)
# Java VM: OpenJDK 64-Bit Server VM (10.0.2+13-Ubuntu-1ubuntu0.18.04.3, mixed mode, tiered, compressed oops, g1 gc, linux-amd64)
# Core dump will be written. Default location: Core dumps may be processed with "/usr/share/apport/apport %p %s %c %d %P" (or dumping to /home/rohit/git/PROBLOGKBS/KBS_project/core.27354)
#
# If you would like to submit a bug report, please visit:
#   http://bugreport.java.com/bugreport/crash.jsp
#

---------------  S U M M A R Y ------------

Command Line: -agentlib:jdwp=transport=dt_socket,suspend=y,address=localhost:41977 -javaagent:/home/rohit/.eclipse/360744347_linux_gtk_x86_64/configuration/org.eclipse.osgi/232/0/.cp/lib/javaagent-shaded.jar -Dfile.encoding=UTF-8 kbs.problog.controller.Driver

Host: Intel(R) Core(TM) i3-5010U CPU @ 2.10GHz, 4 cores, 3G, Ubuntu 18.04.1 LTS
Time: Fri Nov 23 19:34:52 2018 EST elapsed time: 129 seconds (0d 0h 2m 9s)

---------------  T H R E A D  ---------------

Current thread (0x00007fe79c129000):  VMThread "VM Thread" [stack: 0x00007fe769e8a000,0x00007fe769f8a000] [id=27373]

Stack: [0x00007fe769e8a000,0x00007fe769f8a000],  sp=0x00007fe769f87a10,  free space=1014k
Native frames: (J=compiled Java code, A=aot compiled Java code, j=interpreted, Vv=VM code, C=native code)
V  [libjvm.so+0xd27ea4]
V  [libjvm.so+0xd28a0f]
V  [libjvm.so+0x64d328]
V  [libjvm.so+0x7a72e5]
V  [libjvm.so+0x7a73bb]
V  [libjvm.so+0x7a8c9c]
V  [libjvm.so+0x7aa813]
V  [libjvm.so+0x7abf44]
V  [libjvm.so+0x7aea0d]
V  [libjvm.so+0x7aedb9]
V  [libjvm.so+0xb1f14a]
V  [libjvm.so+0xb1f7d1]
V  [libjvm.so+0xabde16]
V  [libjvm.so+0x95085c]
V  [libjvm.so+0xd38871]
V  [libjvm.so+0xd35b3b]
V  [libjvm.so+0xd3715e]
V  [libjvm.so+0xd37588]
V  [libjvm.so+0xb33d40]

VM_Operation (0x00007fe768baa9d0): GetOrSetLocal, mode: safepoint, requested by thread 0x00007fe79c1e8000


---------------  P R O C E S S  ---------------

Threads class SMR info:
_java_thread_list=0x00007fe79c32e2e0, length=13, elements={
0x00007fe79c013800, 0x00007fe79c133000, 0x00007fe79c135000, 0x00007fe79c13e000,
0x00007fe79c148800, 0x00007fe79c14a800, 0x00007fe79c14c800, 0x00007fe79c14e800,
0x00007fe79c1e8000, 0x00007fe79c1ec000, 0x00007fe728001800, 0x00007fe79c203000,
0x00007fe79c2c2000
}

Java Threads: ( => current thread )
  0x00007fe79c013800 JavaThread "main" [_thread_blocked, id=27360, stack(0x00007fe7a4652000,0x00007fe7a4753000)]
  0x00007fe79c133000 JavaThread "Reference Handler" daemon [_thread_blocked, id=27374, stack(0x00007fe769d87000,0x00007fe769e88000)]
  0x00007fe79c135000 JavaThread "Finalizer" daemon [_thread_blocked, id=27375, stack(0x00007fe769c86000,0x00007fe769d87000)]
  0x00007fe79c13e000 JavaThread "Signal Dispatcher" daemon [_thread_blocked, id=27376, stack(0x00007fe7691b6000,0x00007fe7692b7000)]
  0x00007fe79c148800 JavaThread "C2 CompilerThread0" daemon [_thread_blocked, id=27377, stack(0x00007fe7690b5000,0x00007fe7691b6000)]
  0x00007fe79c14a800 JavaThread "C2 CompilerThread1" daemon [_thread_blocked, id=27378, stack(0x00007fe768fb4000,0x00007fe7690b5000)]
  0x00007fe79c14c800 JavaThread "C1 CompilerThread2" daemon [_thread_blocked, id=27379, stack(0x00007fe768eb3000,0x00007fe768fb4000)]
  0x00007fe79c14e800 JavaThread "Sweeper thread" daemon [_thread_blocked, id=27380, stack(0x00007fe768db2000,0x00007fe768eb3000)]
  0x00007fe79c1e8000 JavaThread "JDWP Transport Listener: dt_socket" daemon [_thread_blocked, id=27384, stack(0x00007fe768aab000,0x00007fe768bac000)] _threads_hazard_ptr=0x00007fe79c32e2e0
  0x00007fe79c1ec000 JavaThread "JDWP Event Helper Thread" daemon [_thread_blocked, id=27385, stack(0x00007fe7689aa000,0x00007fe768aab000)]
  0x00007fe728001800 JavaThread "JDWP Command Reader" daemon [_thread_in_native, id=27386, stack(0x00007fe7688a9000,0x00007fe7689aa000)]
  0x00007fe79c203000 JavaThread "Common-Cleaner" daemon [_thread_blocked, id=27389, stack(0x00007fe7687a8000,0x00007fe7688a9000)]
  0x00007fe79c2c2000 JavaThread "Service Thread" daemon [_thread_blocked, id=27392, stack(0x00007fe76827d000,0x00007fe76837e000)]

Other Threads:
=>0x00007fe79c129000 VMThread "VM Thread" [stack: 0x00007fe769e8a000,0x00007fe769f8a000] [id=27373]
  0x00007fe79c2cf800 WatcherThread [stack: 0x00007fe76817d000,0x00007fe76827d000] [id=27393]
  0x00007fe79c02a000 GCTaskThread "GC Thread#0" [stack: 0x00007fe7a0334000,0x00007fe7a0434000] [id=27362]
  0x00007fe79c02b800 GCTaskThread "GC Thread#1" [stack: 0x00007fe7a0232000,0x00007fe7a0332000] [id=27363]
  0x00007fe79c02d800 GCTaskThread "GC Thread#2" [stack: 0x00007fe7a0130000,0x00007fe7a0230000] [id=27364]
  0x00007fe79c02f000 GCTaskThread "GC Thread#3" [stack: 0x00007fe7a002e000,0x00007fe7a012e000] [id=27365]
  0x00007fe79c066000 ConcurrentGCThread "G1 Main Marker" [stack: 0x00007fe781248000,0x00007fe781348000] [id=27366]
  0x00007fe79c068000 ConcurrentGCThread "G1 Conc#0" [stack: 0x00007fe781146000,0x00007fe781246000] [id=27367]
  0x00007fe79c09b000 ConcurrentGCThread "G1 Refine#0" [stack: 0x00007fe780c40000,0x00007fe780d40000] [id=27368]
  0x00007fe79c09d000 ConcurrentGCThread "G1 Refine#1" [stack: 0x00007fe780b3e000,0x00007fe780c3e000] [id=27369]
  0x00007fe79c09e800 ConcurrentGCThread "G1 Refine#2" [stack: 0x00007fe780a3c000,0x00007fe780b3c000] [id=27370]
  0x00007fe79c0a0800 ConcurrentGCThread "G1 Refine#3" [stack: 0x00007fe78093a000,0x00007fe780a3a000] [id=27371]
  0x00007fe79c0a2000 ConcurrentGCThread "G1 Young RemSet Sampling" [stack: 0x00007fe780838000,0x00007fe780938000] [id=27372]

Threads with active compile tasks:

VM state:at safepoint (normal execution)

VM Mutex/Monitor currently owned by a thread:  ([mutex/lock_event])
[0x00007fe79c00fc40] Threads_lock - owner thread: 0x00007fe79c129000

Heap address: 0x00000000c3a00000, size: 966 MB, Compressed Oops mode: 32-bit
Narrow klass base: 0x0000000000000000, Narrow klass shift: 3
Compressed class space size: 1073741824 Address: 0x0000000100000000

Heap:
 garbage-first heap   total 63488K, used 5120K [0x00000000c3a00000, 0x0000000100000000)
  region size 1024K, 6 young (6144K), 0 survivors (0K)
 Metaspace       used 8580K, capacity 8718K, committed 8960K, reserved 1056768K
  class space    used 689K, capacity 732K, committed 768K, reserved 1048576K
Heap Regions: E=young(eden), S=young(survivor), O=old, HS=humongous(starts), HC=humongous(continues), CS=collection set, F=free, A=archive, TS=gc time stamp, AC=allocation context, TAMS=top-at-mark-start (previous, next)
|   0|0x00000000c3a00000, 0x00000000c3a00000, 0x00000000c3b00000|  0%| F|  |TS  0|AC  0|TAMS 0x00000000c3a00000, 0x00000000c3a00000|
|   1|0x00000000c3b00000, 0x00000000c3b00000, 0x00000000c3c00000|  0%| F|  |TS  0|AC  0|TAMS 0x00000000c3b00000, 0x00000000c3b00000|
|   2|0x00000000c3c00000, 0x00000000c3c00000, 0x00000000c3d00000|  0%| F|  |TS  0|AC  0|TAMS 0x00000000c3c00000, 0x00000000c3c00000|
|   3|0x00000000c3d00000, 0x00000000c3d00000, 0x00000000c3e00000|  0%| F|  |TS  0|AC  0|TAMS 0x00000000c3d00000, 0x00000000c3d00000|
|   4|0x00000000c3e00000, 0x00000000c3e00000, 0x00000000c3f00000|  0%| F|  |TS  0|AC  0|TAMS 0x00000000c3e00000, 0x00000000c3e00000|
|   5|0x00000000c3f00000, 0x00000000c3f00000, 0x00000000c4000000|  0%| F|  |TS  0|AC  0|TAMS 0x00000000c3f00000, 0x00000000c3f00000|
|   6|0x00000000c4000000, 0x00000000c4000000, 0x00000000c4100000|  0%| F|  |TS  0|AC  0|TAMS 0x00000000c4000000, 0x00000000c4000000|
|   7|0x00000000c4100000, 0x00000000c4100000, 0x00000000c4200000|  0%| F|  |TS  0|AC  0|TAMS 0x00000000c4100000, 0x00000000c4100000|
|   8|0x00000000c4200000, 0x00000000c4200000, 0x00000000c4300000|  0%| F|  |TS  0|AC  0|TAMS 0x00000000c4200000, 0x00000000c4200000|
|   9|0x00000000c4300000, 0x00000000c4300000, 0x00000000c4400000|  0%| F|  |TS  0|AC  0|TAMS 0x00000000c4300000, 0x00000000c4300000|
|  10|0x00000000c4400000, 0x00000000c4400000, 0x00000000c4500000|  0%| F|  |TS  0|AC  0|TAMS 0x00000000c4400000, 0x00000000c4400000|
|  11|0x00000000c4500000, 0x00000000c4500000, 0x00000000c4600000|  0%| F|  |TS  0|AC  0|TAMS 0x00000000c4500000, 0x00000000c4500000|
|  12|0x00000000c4600000, 0x00000000c4600000, 0x00000000c4700000|  0%| F|  |TS  0|AC  0|TAMS 0x00000000c4600000, 0x00000000c4600000|
|  13|0x00000000c4700000, 0x00000000c4700000, 0x00000000c4800000|  0%| F|  |TS  0|AC  0|TAMS 0x00000000c4700000, 0x00000000c4700000|
|  14|0x00000000c4800000, 0x00000000c4800000, 0x00000000c4900000|  0%| F|  |TS  0|AC  0|TAMS 0x00000000c4800000, 0x00000000c4800000|
|  15|0x00000000c4900000, 0x00000000c4900000, 0x00000000c4a00000|  0%| F|  |TS  0|AC  0|TAMS 0x00000000c4900000, 0x00000000c4900000|
|  16|0x00000000c4a00000, 0x00000000c4a00000, 0x00000000c4b00000|  0%| F|  |TS  0|AC  0|TAMS 0x00000000c4a00000, 0x00000000c4a00000|
|  17|0x00000000c4b00000, 0x00000000c4b00000, 0x00000000c4c00000|  0%| F|  |TS  0|AC  0|TAMS 0x00000000c4b00000, 0x00000000c4b00000|
|  18|0x00000000c4c00000, 0x00000000c4c00000, 0x00000000c4d00000|  0%| F|  |TS  0|AC  0|TAMS 0x00000000c4c00000, 0x00000000c4c00000|
|  19|0x00000000c4d00000, 0x00000000c4d00000, 0x00000000c4e00000|  0%| F|  |TS  0|AC  0|TAMS 0x00000000c4d00000, 0x00000000c4d00000|
|  20|0x00000000c4e00000, 0x00000000c4e00000, 0x00000000c4f00000|  0%| F|  |TS  0|AC  0|TAMS 0x00000000c4e00000, 0x00000000c4e00000|
|  21|0x00000000c4f00000, 0x00000000c4f00000, 0x00000000c5000000|  0%| F|  |TS  0|AC  0|TAMS 0x00000000c4f00000, 0x00000000c4f00000|
|  22|0x00000000c5000000, 0x00000000c5000000, 0x00000000c5100000|  0%| F|  |TS  0|AC  0|TAMS 0x00000000c5000000, 0x00000000c5000000|
|  23|0x00000000c5100000, 0x00000000c5100000, 0x00000000c5200000|  0%| F|  |TS  0|AC  0|TAMS 0x00000000c5100000, 0x00000000c5100000|
|  24|0x00000000c5200000, 0x00000000c5200000, 0x00000000c5300000|  0%| F|  |TS  0|AC  0|TAMS 0x00000000c5200000, 0x00000000c5200000|
|  25|0x00000000c5300000, 0x00000000c5300000, 0x00000000c5400000|  0%| F|  |TS  0|AC  0|TAMS 0x00000000c5300000, 0x00000000c5300000|
|  26|0x00000000c5400000, 0x00000000c5400000, 0x00000000c5500000|  0%| F|  |TS  0|AC  0|TAMS 0x00000000c5400000, 0x00000000c5400000|
|  27|0x00000000c5500000, 0x00000000c5500000, 0x00000000c5600000|  0%| F|  |TS  0|AC  0|TAMS 0x00000000c5500000, 0x00000000c5500000|
|  28|0x00000000c5600000, 0x00000000c5600000, 0x00000000c5700000|  0%| F|  |TS  0|AC  0|TAMS 0x00000000c5600000, 0x00000000c5600000|
|  29|0x00000000c5700000, 0x00000000c5700000, 0x00000000c5800000|  0%| F|  |TS  0|AC  0|TAMS 0x00000000c5700000, 0x00000000c5700000|
|  30|0x00000000c5800000, 0x00000000c5800000, 0x00000000c5900000|  0%| F|  |TS  0|AC  0|TAMS 0x00000000c5800000, 0x00000000c5800000|
|  31|0x00000000c5900000, 0x00000000c5900000, 0x00000000c5a00000|  0%| F|  |TS  0|AC  0|TAMS 0x00000000c5900000, 0x00000000c5900000|
|  32|0x00000000c5a00000, 0x00000000c5a00000, 0x00000000c5b00000|  0%| F|  |TS  0|AC  0|TAMS 0x00000000c5a00000, 0x00000000c5a00000|
|  33|0x00000000c5b00000, 0x00000000c5b00000, 0x00000000c5c00000|  0%| F|  |TS  0|AC  0|TAMS 0x00000000c5b00000, 0x00000000c5b00000|
|  34|0x00000000c5c00000, 0x00000000c5c00000, 0x00000000c5d00000|  0%| F|  |TS  0|AC  0|TAMS 0x00000000c5c00000, 0x00000000c5c00000|
|  35|0x00000000c5d00000, 0x00000000c5d00000, 0x00000000c5e00000|  0%| F|  |TS  0|AC  0|TAMS 0x00000000c5d00000, 0x00000000c5d00000|
|  36|0x00000000c5e00000, 0x00000000c5e00000, 0x00000000c5f00000|  0%| F|  |TS  0|AC  0|TAMS 0x00000000c5e00000, 0x00000000c5e00000|
|  37|0x00000000c5f00000, 0x00000000c5f00000, 0x00000000c6000000|  0%| F|  |TS  0|AC  0|TAMS 0x00000000c5f00000, 0x00000000c5f00000|
|  38|0x00000000c6000000, 0x00000000c6000000, 0x00000000c6100000|  0%| F|  |TS  0|AC  0|TAMS 0x00000000c6000000, 0x00000000c6000000|
|  39|0x00000000c6100000, 0x00000000c6100000, 0x00000000c6200000|  0%| F|  |TS  0|AC  0|TAMS 0x00000000c6100000, 0x00000000c6100000|
|  40|0x00000000c6200000, 0x00000000c6200000, 0x00000000c6300000|  0%| F|  |TS  0|AC  0|TAMS 0x00000000c6200000, 0x00000000c6200000|
|  41|0x00000000c6300000, 0x00000000c6300000, 0x00000000c6400000|  0%| F|  |TS  0|AC  0|TAMS 0x00000000c6300000, 0x00000000c6300000|
|  42|0x00000000c6400000, 0x00000000c6400000, 0x00000000c6500000|  0%| F|  |TS  0|AC  0|TAMS 0x00000000c6400000, 0x00000000c6400000|
|  43|0x00000000c6500000, 0x00000000c6500000, 0x00000000c6600000|  0%| F|  |TS  0|AC  0|TAMS 0x00000000c6500000, 0x00000000c6500000|
|  44|0x00000000c6600000, 0x00000000c6600000, 0x00000000c6700000|  0%| F|  |TS  0|AC  0|TAMS 0x00000000c6600000, 0x00000000c6600000|
|  45|0x00000000c6700000, 0x00000000c6700000, 0x00000000c6800000|  0%| F|  |TS  0|AC  0|TAMS 0x00000000c6700000, 0x00000000c6700000|
|  46|0x00000000c6800000, 0x00000000c6800000, 0x00000000c6900000|  0%| F|  |TS  0|AC  0|TAMS 0x00000000c6800000, 0x00000000c6800000|
|  47|0x00000000c6900000, 0x00000000c6900000, 0x00000000c6a00000|  0%| F|  |TS  0|AC  0|TAMS 0x00000000c6900000, 0x00000000c6900000|
|  48|0x00000000c6a00000, 0x00000000c6a00000, 0x00000000c6b00000|  0%| F|  |TS  0|AC  0|TAMS 0x00000000c6a00000, 0x00000000c6a00000|
|  49|0x00000000c6b00000, 0x00000000c6b00000, 0x00000000c6c00000|  0%| F|  |TS  0|AC  0|TAMS 0x00000000c6b00000, 0x00000000c6b00000|
|  50|0x00000000c6c00000, 0x00000000c6c00000, 0x00000000c6d00000|  0%| F|  |TS  0|AC  0|TAMS 0x00000000c6c00000, 0x00000000c6c00000|
|  51|0x00000000c6d00000, 0x00000000c6d00000, 0x00000000c6e00000|  0%| F|  |TS  0|AC  0|TAMS 0x00000000c6d00000, 0x00000000c6d00000|
|  52|0x00000000c6e00000, 0x00000000c6e00000, 0x00000000c6f00000|  0%| F|  |TS  0|AC  0|TAMS 0x00000000c6e00000, 0x00000000c6e00000|
|  53|0x00000000c6f00000, 0x00000000c6f00000, 0x00000000c7000000|  0%| F|  |TS  0|AC  0|TAMS 0x00000000c6f00000, 0x00000000c6f00000|
|  54|0x00000000c7000000, 0x00000000c7000000, 0x00000000c7100000|  0%| F|  |TS  0|AC  0|TAMS 0x00000000c7000000, 0x00000000c7000000|
|  55|0x00000000c7100000, 0x00000000c7100000, 0x00000000c7200000|  0%| F|  |TS  0|AC  0|TAMS 0x00000000c7100000, 0x00000000c7100000|
|  56|0x00000000c7200000, 0x00000000c7248a68, 0x00000000c7300000| 28%| E|  |TS  0|AC  0|TAMS 0x00000000c7200000, 0x00000000c7200000|
|  57|0x00000000c7300000, 0x00000000c7400000, 0x00000000c7400000|100%| E|CS|TS  0|AC  0|TAMS 0x00000000c7300000, 0x00000000c7300000|
|  58|0x00000000c7400000, 0x00000000c7500000, 0x00000000c7500000|100%| E|CS|TS  0|AC  0|TAMS 0x00000000c7400000, 0x00000000c7400000|
|  59|0x00000000c7500000, 0x00000000c7600000, 0x00000000c7600000|100%| E|CS|TS  0|AC  0|TAMS 0x00000000c7500000, 0x00000000c7500000|
|  60|0x00000000c7600000, 0x00000000c7700000, 0x00000000c7700000|100%| E|CS|TS  0|AC  0|TAMS 0x00000000c7600000, 0x00000000c7600000|
|  61|0x00000000c7700000, 0x00000000c7800000, 0x00000000c7800000|100%| E|CS|TS  0|AC  0|TAMS 0x00000000c7700000, 0x00000000c7700000|

Card table byte_map: [0x00007fe78335b000,0x00007fe78353e000] byte_map_base: 0x00007fe782d3e000

Marking Bits (Prev, Next): (CMBitMap*) 0x00007fe79c065410, (CMBitMap*) 0x00007fe79c065448
 Prev Bits: [0x00007fe782260000, 0x00007fe783178000)
 Next Bits: [0x00007fe781348000, 0x00007fe782260000)

Polling page: 0x00007fe7a476d000

CodeHeap 'non-profiled nmethods': size=120032Kb used=118Kb max_used=118Kb free=119913Kb
 bounds [0x00007fe78b5ed000, 0x00007fe78b85d000, 0x00007fe792b25000]
CodeHeap 'profiled nmethods': size=120032Kb used=594Kb max_used=594Kb free=119437Kb
 bounds [0x00007fe7840b5000, 0x00007fe784325000, 0x00007fe78b5ed000]
CodeHeap 'non-nmethods': size=5696Kb used=1107Kb max_used=1121Kb free=4588Kb
 bounds [0x00007fe783b25000, 0x00007fe783d95000, 0x00007fe7840b5000]
 total_blobs=861 nmethods=403 adapters=265
 compilation: enabled

Compilation events (10 events):
Event: 0.621 Thread 0x00007fe79c14c800  398       3       org.eclipse.jdt.launching.internal.org.objectweb.asm.MethodWriter::visitVarInsn (303 bytes)
Event: 0.622 Thread 0x00007fe79c14c800 nmethod 398 0x00007fe784146390 code [0x00007fe784146600, 0x00007fe784147028]
Event: 0.622 Thread 0x00007fe79c14c800  399       3       org.eclipse.jdt.launching.internal.org.objectweb.asm.MethodWriter::visitLabel (305 bytes)
Event: 0.623 Thread 0x00007fe79c14c800 nmethod 399 0x00007fe784147310 code [0x00007fe7841475a0, 0x00007fe784148378]
Event: 0.623 Thread 0x00007fe79c14c800  401       3       org.eclipse.jdt.launching.internal.org.objectweb.asm.MethodWriter::visitMethodInsn (191 bytes)
Event: 0.625 Thread 0x00007fe79c14c800 nmethod 401 0x00007fe784148710 code [0x00007fe784148960, 0x00007fe784149288]
Event: 0.625 Thread 0x00007fe79c14c800  402       3       org.eclipse.jdt.launching.internal.org.objectweb.asm.SymbolTable::addConstantMethodref (24 bytes)
Event: 0.625 Thread 0x00007fe79c14c800 nmethod 402 0x00007fe784149610 code [0x00007fe7841497e0, 0x00007fe784149a08]
Event: 0.625 Thread 0x00007fe79c14c800  403       1       org.eclipse.jdt.launching.internal.org.objectweb.asm.SymbolTable::getMajorVersion (5 bytes)
Event: 0.625 Thread 0x00007fe79c14c800 nmethod 403 0x00007fe78b60a810 code [0x00007fe78b60a9c0, 0x00007fe78b60aad0]

GC Heap History (0 events):
No events

Deoptimization events (3 events):
Event: 0.290 Thread 0x00007fe79c013800 Uncommon trap: reason=unstable_if action=reinterpret pc=0x00007fe78b5f2288 method=java.lang.String.hashCode()I @ 14 c2
Event: 0.486 Thread 0x00007fe79c013800 Uncommon trap: reason=unstable_if action=reinterpret pc=0x00007fe78b5fcee8 method=java.lang.String.isLatin1()Z @ 10 c2
Event: 0.486 Thread 0x00007fe79c013800 Uncommon trap: reason=unstable_if action=reinterpret pc=0x00007fe78b5fe97c method=java.lang.String.isLatin1()Z @ 10 c2

Classes redefined (2 events):
Event: 90.876 Thread 0x00007fe79c129000 redefined class name=kbs.problog.controller.InferenceController, count=1
Event: 129.320 Thread 0x00007fe79c129000 redefined class name=kbs.problog.controller.InferenceController, count=2

Internal exceptions (0 events):
No events

Events (10 events):
Event: 129.604 Executing VM operation: GetOwnedMonitorInfo done
Event: 129.605 Executing VM operation: GetCurrentContendedMonitor
Event: 129.605 Executing VM operation: GetCurrentContendedMonitor done
Event: 129.605 Executing VM operation: GetCurrentContendedMonitor
Event: 129.605 Executing VM operation: GetCurrentContendedMonitor done
Event: 129.605 Executing VM operation: GetOwnedMonitorInfo
Event: 129.605 Executing VM operation: GetOwnedMonitorInfo done
Event: 129.905 Executing VM operation: GetFrameLocation
Event: 129.905 Executing VM operation: GetFrameLocation done
Event: 129.905 Executing VM operation: GetOrSetLocal


Dynamic libraries:
c3a00000-c7800000 rw-p 00000000 00:00 0 
c7800000-100000000 ---p 00000000 00:00 0 
100000000-1000c0000 rw-p 00000000 00:00 0 
1000c0000-140000000 ---p 00000000 00:00 0 
561b93ecd000-561b93ece000 r-xp 00000000 08:02 27132788                   /usr/lib/jvm/java-11-openjdk-amd64/bin/java
561b940ce000-561b940cf000 r--p 00001000 08:02 27132788                   /usr/lib/jvm/java-11-openjdk-amd64/bin/java
561b940cf000-561b940d0000 rw-p 00002000 08:02 27132788                   /usr/lib/jvm/java-11-openjdk-amd64/bin/java
561b95df4000-561b95e15000 rw-p 00000000 00:00 0                          [heap]
7fe718000000-7fe718021000 rw-p 00000000 00:00 0 
7fe718021000-7fe71c000000 ---p 00000000 00:00 0 
7fe71c000000-7fe71c021000 rw-p 00000000 00:00 0 
7fe71c021000-7fe720000000 ---p 00000000 00:00 0 
7fe720000000-7fe720021000 rw-p 00000000 00:00 0 
7fe720021000-7fe724000000 ---p 00000000 00:00 0 
7fe724000000-7fe724021000 rw-p 00000000 00:00 0 
7fe724021000-7fe728000000 ---p 00000000 00:00 0 
7fe728000000-7fe728021000 rw-p 00000000 00:00 0 
7fe728021000-7fe72c000000 ---p 00000000 00:00 0 
7fe72c000000-7fe72c021000 rw-p 00000000 00:00 0 
7fe72c021000-7fe730000000 ---p 00000000 00:00 0 
7fe730000000-7fe7300ab000 rw-p 00000000 00:00 0 
7fe7300ab000-7fe734000000 ---p 00000000 00:00 0 
7fe734000000-7fe734021000 rw-p 00000000 00:00 0 
7fe734021000-7fe738000000 ---p 00000000 00:00 0 
7fe738000000-7fe738202000 rw-p 00000000 00:00 0 
7fe738202000-7fe73c000000 ---p 00000000 00:00 0 
7fe73c000000-7fe73c159000 rw-p 00000000 00:00 0 
7fe73c159000-7fe740000000 ---p 00000000 00:00 0 
7fe740000000-7fe740021000 rw-p 00000000 00:00 0 
7fe740021000-7fe744000000 ---p 00000000 00:00 0 
7fe744000000-7fe744021000 rw-p 00000000 00:00 0 
7fe744021000-7fe748000000 ---p 00000000 00:00 0 
7fe748000000-7fe748021000 rw-p 00000000 00:00 0 
7fe748021000-7fe74c000000 ---p 00000000 00:00 0 
7fe74c000000-7fe74c021000 rw-p 00000000 00:00 0 
7fe74c021000-7fe750000000 ---p 00000000 00:00 0 
7fe750000000-7fe750021000 rw-p 00000000 00:00 0 
7fe750021000-7fe754000000 ---p 00000000 00:00 0 
7fe754000000-7fe754021000 rw-p 00000000 00:00 0 
7fe754021000-7fe758000000 ---p 00000000 00:00 0 
7fe758000000-7fe758021000 rw-p 00000000 00:00 0 
7fe758021000-7fe75c000000 ---p 00000000 00:00 0 
7fe75c000000-7fe75c021000 rw-p 00000000 00:00 0 
7fe75c021000-7fe760000000 ---p 00000000 00:00 0 
7fe760000000-7fe760021000 rw-p 00000000 00:00 0 
7fe760021000-7fe764000000 ---p 00000000 00:00 0 
7fe764000000-7fe764021000 rw-p 00000000 00:00 0 
7fe764021000-7fe768000000 ---p 00000000 00:00 0 
7fe76817b000-7fe76817c000 ---p 00000000 00:00 0 
7fe76817c000-7fe76827d000 rw-p 00000000 00:00 0 
7fe76827d000-7fe768281000 ---p 00000000 00:00 0 
7fe768281000-7fe76837e000 rw-p 00000000 00:00 0 
7fe76837e000-7fe768395000 r-xp 00000000 08:02 27529669                   /usr/lib/jvm/java-11-openjdk-amd64/lib/libnet.so
7fe768395000-7fe768594000 ---p 00017000 08:02 27529669                   /usr/lib/jvm/java-11-openjdk-amd64/lib/libnet.so
7fe768594000-7fe768595000 r--p 00016000 08:02 27529669                   /usr/lib/jvm/java-11-openjdk-amd64/lib/libnet.so
7fe768595000-7fe768596000 rw-p 00017000 08:02 27529669                   /usr/lib/jvm/java-11-openjdk-amd64/lib/libnet.so
7fe768596000-7fe7685a7000 r-xp 00000000 08:02 27529670                   /usr/lib/jvm/java-11-openjdk-amd64/lib/libnio.so
7fe7685a7000-7fe7687a6000 ---p 00011000 08:02 27529670                   /usr/lib/jvm/java-11-openjdk-amd64/lib/libnio.so
7fe7687a6000-7fe7687a7000 r--p 00010000 08:02 27529670                   /usr/lib/jvm/java-11-openjdk-amd64/lib/libnio.so
7fe7687a7000-7fe7687a8000 rw-p 00011000 08:02 27529670                   /usr/lib/jvm/java-11-openjdk-amd64/lib/libnio.so
7fe7687a8000-7fe7687ac000 ---p 00000000 00:00 0 
7fe7687ac000-7fe7688a9000 rw-p 00000000 00:00 0 
7fe7688a9000-7fe7688ad000 ---p 00000000 00:00 0 
7fe7688ad000-7fe7689aa000 rw-p 00000000 00:00 0 
7fe7689aa000-7fe7689ae000 ---p 00000000 00:00 0 
7fe7689ae000-7fe768aab000 rw-p 00000000 00:00 0 
7fe768aab000-7fe768aaf000 ---p 00000000 00:00 0 
7fe768aaf000-7fe768bac000 rw-p 00000000 00:00 0 
7fe768bac000-7fe768bb1000 r-xp 00000000 08:02 27529649                   /usr/lib/jvm/java-11-openjdk-amd64/lib/libdt_socket.so
7fe768bb1000-7fe768db0000 ---p 00005000 08:02 27529649                   /usr/lib/jvm/java-11-openjdk-amd64/lib/libdt_socket.so
7fe768db0000-7fe768db1000 r--p 00004000 08:02 27529649                   /usr/lib/jvm/java-11-openjdk-amd64/lib/libdt_socket.so
7fe768db1000-7fe768db2000 rw-p 00005000 08:02 27529649                   /usr/lib/jvm/java-11-openjdk-amd64/lib/libdt_socket.so
7fe768db2000-7fe768db6000 ---p 00000000 00:00 0 
7fe768db6000-7fe768eb3000 rw-p 00000000 00:00 0 
7fe768eb3000-7fe768eb7000 ---p 00000000 00:00 0 
7fe768eb7000-7fe768fb4000 rw-p 00000000 00:00 0 
7fe768fb4000-7fe768fb8000 ---p 00000000 00:00 0 
7fe768fb8000-7fe7690b5000 rw-p 00000000 00:00 0 
7fe7690b5000-7fe7690b9000 ---p 00000000 00:00 0 
7fe7690b9000-7fe7691b6000 rw-p 00000000 00:00 0 
7fe7691b6000-7fe7691ba000 ---p 00000000 00:00 0 
7fe7691ba000-7fe7692b7000 rw-p 00000000 00:00 0 
7fe7692b7000-7fe769c86000 r--p 00000000 08:02 27007547                   /usr/lib/locale/locale-archive
7fe769c86000-7fe769c8a000 ---p 00000000 00:00 0 
7fe769c8a000-7fe769d87000 rw-p 00000000 00:00 0 
7fe769d87000-7fe769d8b000 ---p 00000000 00:00 0 
7fe769d8b000-7fe769e88000 rw-p 00000000 00:00 0 
7fe769e88000-7fe769e89000 ---p 00000000 00:00 0 
7fe769e89000-7fe76c000000 rw-p 00000000 00:00 0 
7fe76c000000-7fe76c021000 rw-p 00000000 00:00 0 
7fe76c021000-7fe770000000 ---p 00000000 00:00 0 
7fe770000000-7fe770021000 rw-p 00000000 00:00 0 
7fe770021000-7fe774000000 ---p 00000000 00:00 0 
7fe774000000-7fe774021000 rw-p 00000000 00:00 0 
7fe774021000-7fe778000000 ---p 00000000 00:00 0 
7fe778000000-7fe778021000 rw-p 00000000 00:00 0 
7fe778021000-7fe77c000000 ---p 00000000 00:00 0 
7fe77c000000-7fe77c021000 rw-p 00000000 00:00 0 
7fe77c021000-7fe780000000 ---p 00000000 00:00 0 
7fe780036000-7fe780836000 rw-p 00000000 00:00 0 
7fe780836000-7fe780837000 ---p 00000000 00:00 0 
7fe780837000-7fe780938000 rw-p 00000000 00:00 0 
7fe780938000-7fe780939000 ---p 00000000 00:00 0 
7fe780939000-7fe780a3a000 rw-p 00000000 00:00 0 
7fe780a3a000-7fe780a3b000 ---p 00000000 00:00 0 
7fe780a3b000-7fe780b3c000 rw-p 00000000 00:00 0 
7fe780b3c000-7fe780b3d000 ---p 00000000 00:00 0 
7fe780b3d000-7fe780c3e000 rw-p 00000000 00:00 0 
7fe780c3e000-7fe780c3f000 ---p 00000000 00:00 0 
7fe780c3f000-7fe781144000 rw-p 00000000 00:00 0 
7fe781144000-7fe781145000 ---p 00000000 00:00 0 
7fe781145000-7fe781246000 rw-p 00000000 00:00 0 
7fe781246000-7fe781247000 ---p 00000000 00:00 0 
7fe781247000-7fe781440000 rw-p 00000000 00:00 0 
7fe781440000-7fe782260000 ---p 00000000 00:00 0 
7fe782260000-7fe782358000 rw-p 00000000 00:00 0 
7fe782358000-7fe783178000 ---p 00000000 00:00 0 
7fe783178000-7fe783197000 rw-p 00000000 00:00 0 
7fe783197000-7fe78335b000 ---p 00000000 00:00 0 
7fe78335b000-7fe78337a000 rw-p 00000000 00:00 0 
7fe78337a000-7fe78353e000 ---p 00000000 00:00 0 
7fe78353e000-7fe78355d000 rw-p 00000000 00:00 0 
7fe78355d000-7fe783721000 ---p 00000000 00:00 0 
7fe783721000-7fe783b25000 rw-p 00000000 00:00 0 
7fe783b25000-7fe783d95000 rwxp 00000000 00:00 0 
7fe783d95000-7fe7840b5000 ---p 00000000 00:00 0 
7fe7840b5000-7fe784325000 rwxp 00000000 00:00 0 
7fe784325000-7fe78b5ed000 ---p 00000000 00:00 0 
7fe78b5ed000-7fe78b85d000 rwxp 00000000 00:00 0 
7fe78b85d000-7fe792b25000 ---p 00000000 00:00 0 
7fe792b25000-7fe79c000000 r--s 00000000 08:02 27529679                   /usr/lib/jvm/java-11-openjdk-amd64/lib/modules
7fe79c000000-7fe79c373000 rw-p 00000000 00:00 0 
7fe79c373000-7fe7a0000000 ---p 00000000 00:00 0 
7fe7a002c000-7fe7a002d000 ---p 00000000 00:00 0 
7fe7a002d000-7fe7a012e000 rw-p 00000000 00:00 0 
7fe7a012e000-7fe7a012f000 ---p 00000000 00:00 0 
7fe7a012f000-7fe7a0230000 rw-p 00000000 00:00 0 
7fe7a0230000-7fe7a0231000 ---p 00000000 00:00 0 
7fe7a0231000-7fe7a0332000 rw-p 00000000 00:00 0 
7fe7a0332000-7fe7a0333000 ---p 00000000 00:00 0 
7fe7a0333000-7fe7a0439000 rw-p 00000000 00:00 0 
7fe7a0439000-7fe7a051f000 ---p 00000000 00:00 0 
7fe7a051f000-7fe7a0524000 rw-p 00000000 00:00 0 
7fe7a0524000-7fe7a060a000 ---p 00000000 00:00 0 
7fe7a060a000-7fe7a060f000 r-xp 00000000 08:02 27529661                   /usr/lib/jvm/java-11-openjdk-amd64/lib/libjimage.so
7fe7a060f000-7fe7a080e000 ---p 00005000 08:02 27529661                   /usr/lib/jvm/java-11-openjdk-amd64/lib/libjimage.so
7fe7a080e000-7fe7a080f000 r--p 00004000 08:02 27529661                   /usr/lib/jvm/java-11-openjdk-amd64/lib/libjimage.so
7fe7a080f000-7fe7a0810000 rw-p 00005000 08:02 27529661                   /usr/lib/jvm/java-11-openjdk-amd64/lib/libjimage.so
7fe7a0810000-7fe7a0817000 r-xp 00000000 08:02 27529678                   /usr/lib/jvm/java-11-openjdk-amd64/lib/libzip.so
7fe7a0817000-7fe7a0a16000 ---p 00007000 08:02 27529678                   /usr/lib/jvm/java-11-openjdk-amd64/lib/libzip.so
7fe7a0a16000-7fe7a0a17000 r--p 00006000 08:02 27529678                   /usr/lib/jvm/java-11-openjdk-amd64/lib/libzip.so
7fe7a0a17000-7fe7a0a18000 rw-p 00007000 08:02 27529678                   /usr/lib/jvm/java-11-openjdk-amd64/lib/libzip.so
7fe7a0a18000-7fe7a0a23000 r-xp 00000000 08:02 19141340                   /lib/x86_64-linux-gnu/libnss_files-2.27.so
7fe7a0a23000-7fe7a0c22000 ---p 0000b000 08:02 19141340                   /lib/x86_64-linux-gnu/libnss_files-2.27.so
7fe7a0c22000-7fe7a0c23000 r--p 0000a000 08:02 19141340                   /lib/x86_64-linux-gnu/libnss_files-2.27.so
7fe7a0c23000-7fe7a0c24000 rw-p 0000b000 08:02 19141340                   /lib/x86_64-linux-gnu/libnss_files-2.27.so
7fe7a0c24000-7fe7a0c2a000 rw-p 00000000 00:00 0 
7fe7a0c2a000-7fe7a0c41000 r-xp 00000000 08:02 19141334                   /lib/x86_64-linux-gnu/libnsl-2.27.so
7fe7a0c41000-7fe7a0e40000 ---p 00017000 08:02 19141334                   /lib/x86_64-linux-gnu/libnsl-2.27.so
7fe7a0e40000-7fe7a0e41000 r--p 00016000 08:02 19141334                   /lib/x86_64-linux-gnu/libnsl-2.27.so
7fe7a0e41000-7fe7a0e42000 rw-p 00017000 08:02 19141334                   /lib/x86_64-linux-gnu/libnsl-2.27.so
7fe7a0e42000-7fe7a0e44000 rw-p 00000000 00:00 0 
7fe7a0e44000-7fe7a0e4f000 r-xp 00000000 08:02 19141351                   /lib/x86_64-linux-gnu/libnss_nis-2.27.so
7fe7a0e4f000-7fe7a104e000 ---p 0000b000 08:02 19141351                   /lib/x86_64-linux-gnu/libnss_nis-2.27.so
7fe7a104e000-7fe7a104f000 r--p 0000a000 08:02 19141351                   /lib/x86_64-linux-gnu/libnss_nis-2.27.so
7fe7a104f000-7fe7a1050000 rw-p 0000b000 08:02 19141351                   /lib/x86_64-linux-gnu/libnss_nis-2.27.so
7fe7a1050000-7fe7a1058000 r-xp 00000000 08:02 19141336                   /lib/x86_64-linux-gnu/libnss_compat-2.27.so
7fe7a1058000-7fe7a1258000 ---p 00008000 08:02 19141336                   /lib/x86_64-linux-gnu/libnss_compat-2.27.so
7fe7a1258000-7fe7a1259000 r--p 00008000 08:02 19141336                   /lib/x86_64-linux-gnu/libnss_compat-2.27.so
7fe7a1259000-7fe7a125a000 rw-p 00009000 08:02 19141336                   /lib/x86_64-linux-gnu/libnss_compat-2.27.so
7fe7a125a000-7fe7a1264000 r-xp 00000000 08:02 27529652                   /usr/lib/jvm/java-11-openjdk-amd64/lib/libinstrument.so
7fe7a1264000-7fe7a1463000 ---p 0000a000 08:02 27529652                   /usr/lib/jvm/java-11-openjdk-amd64/lib/libinstrument.so
7fe7a1463000-7fe7a1464000 r--p 00009000 08:02 27529652                   /usr/lib/jvm/java-11-openjdk-amd64/lib/libinstrument.so
7fe7a1464000-7fe7a1465000 rw-p 0000a000 08:02 27529652                   /usr/lib/jvm/java-11-openjdk-amd64/lib/libinstrument.so
7fe7a1465000-7fe7a14a2000 r-xp 00000000 08:02 27529660                   /usr/lib/jvm/java-11-openjdk-amd64/lib/libjdwp.so
7fe7a14a2000-7fe7a16a1000 ---p 0003d000 08:02 27529660                   /usr/lib/jvm/java-11-openjdk-amd64/lib/libjdwp.so
7fe7a16a1000-7fe7a16a2000 r--p 0003c000 08:02 27529660                   /usr/lib/jvm/java-11-openjdk-amd64/lib/libjdwp.so
7fe7a16a2000-7fe7a16a3000 rw-p 0003d000 08:02 27529660                   /usr/lib/jvm/java-11-openjdk-amd64/lib/libjdwp.so
7fe7a16a3000-7fe7a16cf000 r-xp 00000000 08:02 27529657                   /usr/lib/jvm/java-11-openjdk-amd64/lib/libjava.so
7fe7a16cf000-7fe7a18ce000 ---p 0002c000 08:02 27529657                   /usr/lib/jvm/java-11-openjdk-amd64/lib/libjava.so
7fe7a18ce000-7fe7a18cf000 r--p 0002b000 08:02 27529657                   /usr/lib/jvm/java-11-openjdk-amd64/lib/libjava.so
7fe7a18cf000-7fe7a18d1000 rw-p 0002c000 08:02 27529657                   /usr/lib/jvm/java-11-openjdk-amd64/lib/libjava.so
7fe7a18d1000-7fe7a18de000 r-xp 00000000 08:02 27529677                   /usr/lib/jvm/java-11-openjdk-amd64/lib/libverify.so
7fe7a18de000-7fe7a1add000 ---p 0000d000 08:02 27529677                   /usr/lib/jvm/java-11-openjdk-amd64/lib/libverify.so
7fe7a1add000-7fe7a1adf000 r--p 0000c000 08:02 27529677                   /usr/lib/jvm/java-11-openjdk-amd64/lib/libverify.so
7fe7a1adf000-7fe7a1ae0000 rw-p 0000e000 08:02 27529677                   /usr/lib/jvm/java-11-openjdk-amd64/lib/libverify.so
7fe7a1ae0000-7fe7a1ae7000 r-xp 00000000 08:02 19141391                   /lib/x86_64-linux-gnu/librt-2.27.so
7fe7a1ae7000-7fe7a1ce6000 ---p 00007000 08:02 19141391                   /lib/x86_64-linux-gnu/librt-2.27.so
7fe7a1ce6000-7fe7a1ce7000 r--p 00006000 08:02 19141391                   /lib/x86_64-linux-gnu/librt-2.27.so
7fe7a1ce7000-7fe7a1ce8000 rw-p 00007000 08:02 19141391                   /lib/x86_64-linux-gnu/librt-2.27.so
7fe7a1ce8000-7fe7a1cff000 r-xp 00000000 08:02 19137551                   /lib/x86_64-linux-gnu/libgcc_s.so.1
7fe7a1cff000-7fe7a1efe000 ---p 00017000 08:02 19137551                   /lib/x86_64-linux-gnu/libgcc_s.so.1
7fe7a1efe000-7fe7a1eff000 r--p 00016000 08:02 19137551                   /lib/x86_64-linux-gnu/libgcc_s.so.1
7fe7a1eff000-7fe7a1f00000 rw-p 00017000 08:02 19137551                   /lib/x86_64-linux-gnu/libgcc_s.so.1
7fe7a1f00000-7fe7a209d000 r-xp 00000000 08:02 19141313                   /lib/x86_64-linux-gnu/libm-2.27.so
7fe7a209d000-7fe7a229c000 ---p 0019d000 08:02 19141313                   /lib/x86_64-linux-gnu/libm-2.27.so
7fe7a229c000-7fe7a229d000 r--p 0019c000 08:02 19141313                   /lib/x86_64-linux-gnu/libm-2.27.so
7fe7a229d000-7fe7a229e000 rw-p 0019d000 08:02 19141313                   /lib/x86_64-linux-gnu/libm-2.27.so
7fe7a229e000-7fe7a2417000 r-xp 00000000 08:02 27003527                   /usr/lib/x86_64-linux-gnu/libstdc++.so.6.0.25
7fe7a2417000-7fe7a2617000 ---p 00179000 08:02 27003527                   /usr/lib/x86_64-linux-gnu/libstdc++.so.6.0.25
7fe7a2617000-7fe7a2621000 r--p 00179000 08:02 27003527                   /usr/lib/x86_64-linux-gnu/libstdc++.so.6.0.25
7fe7a2621000-7fe7a2623000 rw-p 00183000 08:02 27003527                   /usr/lib/x86_64-linux-gnu/libstdc++.so.6.0.25
7fe7a2623000-7fe7a2627000 rw-p 00000000 00:00 0 
7fe7a2627000-7fe7a35c4000 r-xp 00000000 08:02 27529682                   /usr/lib/jvm/java-11-openjdk-amd64/lib/server/libjvm.so
7fe7a35c4000-7fe7a37c4000 ---p 00f9d000 08:02 27529682                   /usr/lib/jvm/java-11-openjdk-amd64/lib/server/libjvm.so
7fe7a37c4000-7fe7a3888000 r--p 00f9d000 08:02 27529682                   /usr/lib/jvm/java-11-openjdk-amd64/lib/server/libjvm.so
7fe7a3888000-7fe7a38c0000 rw-p 01061000 08:02 27529682                   /usr/lib/jvm/java-11-openjdk-amd64/lib/server/libjvm.so
7fe7a38c0000-7fe7a3909000 rw-p 00000000 00:00 0 
7fe7a3909000-7fe7a3923000 r-xp 00000000 08:02 19141383                   /lib/x86_64-linux-gnu/libpthread-2.27.so
7fe7a3923000-7fe7a3b22000 ---p 0001a000 08:02 19141383                   /lib/x86_64-linux-gnu/libpthread-2.27.so
7fe7a3b22000-7fe7a3b23000 r--p 00019000 08:02 19141383                   /lib/x86_64-linux-gnu/libpthread-2.27.so
7fe7a3b23000-7fe7a3b24000 rw-p 0001a000 08:02 19141383                   /lib/x86_64-linux-gnu/libpthread-2.27.so
7fe7a3b24000-7fe7a3b28000 rw-p 00000000 00:00 0 
7fe7a3b28000-7fe7a3b2b000 r-xp 00000000 08:02 19141273                   /lib/x86_64-linux-gnu/libdl-2.27.so
7fe7a3b2b000-7fe7a3d2a000 ---p 00003000 08:02 19141273                   /lib/x86_64-linux-gnu/libdl-2.27.so
7fe7a3d2a000-7fe7a3d2b000 r--p 00002000 08:02 19141273                   /lib/x86_64-linux-gnu/libdl-2.27.so
7fe7a3d2b000-7fe7a3d2c000 rw-p 00003000 08:02 19141273                   /lib/x86_64-linux-gnu/libdl-2.27.so
7fe7a3d2c000-7fe7a3d48000 r-xp 00000000 08:02 19141422                   /lib/x86_64-linux-gnu/libz.so.1.2.11
7fe7a3d48000-7fe7a3f47000 ---p 0001c000 08:02 19141422                   /lib/x86_64-linux-gnu/libz.so.1.2.11
7fe7a3f47000-7fe7a3f48000 r--p 0001b000 08:02 19141422                   /lib/x86_64-linux-gnu/libz.so.1.2.11
7fe7a3f48000-7fe7a3f49000 rw-p 0001c000 08:02 19141422                   /lib/x86_64-linux-gnu/libz.so.1.2.11
7fe7a3f49000-7fe7a4130000 r-xp 00000000 08:02 19141250                   /lib/x86_64-linux-gnu/libc-2.27.so
7fe7a4130000-7fe7a4330000 ---p 001e7000 08:02 19141250                   /lib/x86_64-linux-gnu/libc-2.27.so
7fe7a4330000-7fe7a4334000 r--p 001e7000 08:02 19141250                   /lib/x86_64-linux-gnu/libc-2.27.so
7fe7a4334000-7fe7a4336000 rw-p 001eb000 08:02 19141250                   /lib/x86_64-linux-gnu/libc-2.27.so
7fe7a4336000-7fe7a433a000 rw-p 00000000 00:00 0 
7fe7a433a000-7fe7a4349000 r-xp 00000000 08:02 27526332                   /usr/lib/jvm/java-11-openjdk-amd64/lib/jli/libjli.so
7fe7a4349000-7fe7a4548000 ---p 0000f000 08:02 27526332                   /usr/lib/jvm/java-11-openjdk-amd64/lib/jli/libjli.so
7fe7a4548000-7fe7a4549000 r--p 0000e000 08:02 27526332                   /usr/lib/jvm/java-11-openjdk-amd64/lib/jli/libjli.so
7fe7a4549000-7fe7a454a000 rw-p 0000f000 08:02 27526332                   /usr/lib/jvm/java-11-openjdk-amd64/lib/jli/libjli.so
7fe7a454a000-7fe7a4571000 r-xp 00000000 08:02 19141222                   /lib/x86_64-linux-gnu/ld-2.27.so
7fe7a45b3000-7fe7a45ba000 r--s 00000000 08:02 27266324                   /usr/lib/x86_64-linux-gnu/gconv/gconv-modules.cache
7fe7a45ba000-7fe7a4652000 rw-p 00000000 00:00 0 
7fe7a4652000-7fe7a4656000 ---p 00000000 00:00 0 
7fe7a4656000-7fe7a4755000 rw-p 00000000 00:00 0 
7fe7a4758000-7fe7a475e000 rw-p 00000000 00:00 0 
7fe7a475e000-7fe7a4765000 ---p 00000000 00:00 0 
7fe7a4765000-7fe7a476d000 rw-s 00000000 08:02 55050339                   /tmp/hsperfdata_rohit/27354
7fe7a476d000-7fe7a476e000 ---p 00000000 00:00 0 
7fe7a476e000-7fe7a476f000 r--p 00000000 00:00 0 
7fe7a476f000-7fe7a4771000 rw-p 00000000 00:00 0 
7fe7a4771000-7fe7a4772000 r--p 00027000 08:02 19141222                   /lib/x86_64-linux-gnu/ld-2.27.so
7fe7a4772000-7fe7a4773000 rw-p 00028000 08:02 19141222                   /lib/x86_64-linux-gnu/ld-2.27.so
7fe7a4773000-7fe7a4774000 rw-p 00000000 00:00 0 
7ffe15a27000-7ffe15a48000 rw-p 00000000 00:00 0                          [stack]
7ffe15b22000-7ffe15b25000 r--p 00000000 00:00 0                          [vvar]
7ffe15b25000-7ffe15b27000 r-xp 00000000 00:00 0                          [vdso]
ffffffffff600000-ffffffffff601000 r-xp 00000000 00:00 0                  [vsyscall]


VM Arguments:
jvm_args: -agentlib:jdwp=transport=dt_socket,suspend=y,address=localhost:41977 -javaagent:/home/rohit/.eclipse/360744347_linux_gtk_x86_64/configuration/org.eclipse.osgi/232/0/.cp/lib/javaagent-shaded.jar -Dfile.encoding=UTF-8 
java_command: kbs.problog.controller.Driver
java_class_path (initial): /home/rohit/git/PROBLOGKBS/KBS_project/bin
Launcher Type: SUN_STANDARD

Logging:
Log output configuration:
#0: stdout all=warning uptime,level,tags
#1: stderr all=off uptime,level,tags

Environment Variables:
PATH=/home/rohit/.local/bin:/usr/local/sbin:/usr/local/bin:/usr/sbin:/usr/bin:/sbin:/bin:/usr/games:/usr/local/games:/snap/bin
USERNAME=rohit
SHELL=/bin/bash
DISPLAY=:0

Signal Handlers:
SIGSEGV: [libjvm.so+0xd28b70], sa_mask[0]=11111111011111111101111111111110, sa_flags=SA_RESTART|SA_SIGINFO
SIGBUS: [libjvm.so+0xd28b70], sa_mask[0]=11111111011111111101111111111110, sa_flags=SA_RESTART|SA_SIGINFO
SIGFPE: [libjvm.so+0xd28b70], sa_mask[0]=11111111011111111101111111111110, sa_flags=SA_RESTART|SA_SIGINFO
SIGPIPE: [libjvm.so+0xb2a1f0], sa_mask[0]=11111111011111111101111111111110, sa_flags=SA_RESTART|SA_SIGINFO
SIGXFSZ: [libjvm.so+0xb2a1f0], sa_mask[0]=11111111011111111101111111111110, sa_flags=SA_RESTART|SA_SIGINFO
SIGILL: [libjvm.so+0xd28b70], sa_mask[0]=11111111011111111101111111111110, sa_flags=SA_RESTART|SA_SIGINFO
SIGUSR2: [libjvm.so+0xb2a030], sa_mask[0]=00100000000000000000000000000000, sa_flags=SA_RESTART|SA_SIGINFO
SIGHUP: [libjvm.so+0xb2a180], sa_mask[0]=11111111011111111101111111111110, sa_flags=SA_RESTART|SA_SIGINFO
SIGINT: [libjvm.so+0xb2a180], sa_mask[0]=11111111011111111101111111111110, sa_flags=SA_RESTART|SA_SIGINFO
SIGTERM: [libjvm.so+0xb2a180], sa_mask[0]=11111111011111111101111111111110, sa_flags=SA_RESTART|SA_SIGINFO
SIGQUIT: [libjvm.so+0xb2a180], sa_mask[0]=11111111011111111101111111111110, sa_flags=SA_RESTART|SA_SIGINFO


---------------  S Y S T E M  ---------------

OS:DISTRIB_ID=Ubuntu
DISTRIB_RELEASE=18.04
DISTRIB_CODENAME=bionic
DISTRIB_DESCRIPTION="Ubuntu 18.04.1 LTS"
uname:Linux 4.15.0-39-generic #42-Ubuntu SMP Tue Oct 23 15:48:01 UTC 2018 x86_64
libc:glibc 2.27 NPTL 2.27 
rlimit: STACK 8192k, CORE 0k, NPROC 14975, NOFILE 1048576, AS infinity, DATA infinity, FSIZE infinity
load average:2.00 1.23 1.10

/proc/meminfo:
MemTotal:        3952712 kB
MemFree:          135660 kB
MemAvailable:     293892 kB
Buffers:           45996 kB
Cached:           679464 kB
SwapCached:        18088 kB
Active:          2886028 kB
Inactive:         686964 kB
Active(anon):    2689644 kB
Inactive(anon):   540592 kB
Active(file):     196384 kB
Inactive(file):   146372 kB
Unevictable:          48 kB
Mlocked:              48 kB
SwapTotal:       2097148 kB
SwapFree:        1416096 kB
Dirty:               544 kB
Writeback:             0 kB
AnonPages:       2839320 kB
Mapped:           467976 kB
Shmem:            382588 kB
Slab:             102252 kB
SReclaimable:      44536 kB
SUnreclaim:        57716 kB
KernelStack:       15520 kB
PageTables:        63476 kB
NFS_Unstable:          0 kB
Bounce:                0 kB
WritebackTmp:          0 kB
CommitLimit:     4073504 kB
Committed_AS:   12109768 kB
VmallocTotal:   34359738367 kB
VmallocUsed:           0 kB
VmallocChunk:          0 kB
HardwareCorrupted:     0 kB
AnonHugePages:         0 kB
ShmemHugePages:        0 kB
ShmemPmdMapped:        0 kB
CmaTotal:              0 kB
CmaFree:               0 kB
HugePages_Total:       0
HugePages_Free:        0
HugePages_Rsvd:        0
HugePages_Surp:        0
Hugepagesize:       2048 kB
DirectMap4k:      190016 kB
DirectMap2M:     3917824 kB
DirectMap1G:     1048576 kB

container (cgroup) information:
container_type: cgroupv1
cpu_cpuset_cpus: 0-3
cpu_memory_nodes: 0
active_processor_count: 4
cpu_quota: -1
cpu_period: 100000
cpu_shares: -1
memory_limit_in_bytes: -1
memory_and_swap_limit_in_bytes: -2
memory_soft_limit_in_bytes: -1
memory_usage_in_bytes: 3651149824
memory_max_usage_in_bytes: 0


CPU:total 4 (initial active 4) (2 cores per cpu, 2 threads per core) family 6 model 61 stepping 4, cmov, cx8, fxsr, mmx, sse, sse2, sse3, ssse3, sse4.1, sse4.2, popcnt, avx, avx2, aes, clmul, erms, 3dnowpref, lzcnt, ht, tsc, tscinvbit, bmi1, bmi2, adx, fma
CPU Model and flags from /proc/cpuinfo:
model name	: Intel(R) Core(TM) i3-5010U CPU @ 2.10GHz
flags		: fpu vme de pse tsc msr pae mce cx8 apic sep mtrr pge mca cmov pat pse36 clflush dts acpi mmx fxsr sse sse2 ss ht tm pbe syscall nx pdpe1gb rdtscp lm constant_tsc arch_perfmon pebs bts rep_good nopl xtopology nonstop_tsc cpuid aperfmperf pni pclmulqdq dtes64 monitor ds_cpl vmx est tm2 ssse3 sdbg fma cx16 xtpr pdcm pcid sse4_1 sse4_2 x2apic movbe popcnt tsc_deadline_timer aes xsave avx f16c rdrand lahf_lm abm 3dnowprefetch cpuid_fault epb invpcid_single pti ssbd ibrs ibpb stibp tpr_shadow vnmi flexpriority ept vpid fsgsbase tsc_adjust bmi1 avx2 smep bmi2 erms invpcid rdseed adx smap intel_pt xsaveopt dtherm arat pln pts flush_l1d

Memory: 4k page, physical 3952712k(135660k free), swap 2097148k(1416096k free)

vm_info: OpenJDK 64-Bit Server VM (10.0.2+13-Ubuntu-1ubuntu0.18.04.3) for linux-amd64 JRE (10.0.2+13-Ubuntu-1ubuntu0.18.04.3), built on Oct  7 2018 15:06:09 by "buildd" with gcc 7.3.0

END.
